/
/.env
/0bef
/1phpmyadmin/
/5yfI
/2017/01/16/thank-you-for-making-this-our-best-weekend-ever/
/2017/02/11/top-5-reasons-an-escape-room-is-the-perfect-date
/2017/05/12/green-light-escape-wilmingtons-corporate-team-building-solution
/2017/05/12/green-light-escape-wilmingtons-corporate-team-building-solution/
/2018/02/05/private-vs-public-booking-escape-rooms
/2018/05/21/brewery-heist-premise-and-grand-opening
/2018/05/21/brewery-heist-premise-and-grand-opening/
/2018/wp-includes/wlwmanifest.xml
/2019/wp-includes/wlwmanifest.xml
/Autodiscover/Autodiscover.xml
/BMTz
/GponForm/diag_Form?images/
/GponForm/diag_Form?style/
/HNAP1/
/KXHr
/LADSS/
/Line/
/MyAdmin/scripts/setup.php
/NOnR
/PMA2016/index.php?lang=en
/PSBlock
/RPC2
/ReportServer
/SPA112/
/TP/public/index.php
/TP/public/index.php?s=captcha
/TP/public/index.php?s=index/\think\app/invokefunction&function=call_user_func_array&vars[0]=phpinfo&vars[1][]=1
/Telephone/
/Telerik.Web.UI.WebResource.axd?type=rau
/UD/act?1
/UD/?9
/aaa9
/aab9
/aastra/
/ab2g
/ab2h
/about
/actuator/health
/admin-scripts.asp
/admin/.env
/algo/
/api
/api.php?key=1
/api/islogged
/api/jsonws/invoke
/api/v1
/api/v1/labels
/api/v1/label/goversion/values
/api/v1/label/version/values
/api/v1/label/__name__/values
/api/v1/pods
/api/v1/query?query=prometheus_build_info
/api/v1/targets
/api/v2/ajax
/app/.env
/assets/.env
/asterisk.cfg/
/asterisk.conf/
/asterisk/
/atacom/
/ata/
/au6Q
/auth
/author/breakoutroomllcgmail-com
/author/breakoutroomllcgmail-com/
/autoprovision/
/backups/
/bag2
/bkp/
/blog
/blog/wp-includes/wlwmanifest.xml
/boaform/admin/formLogin
/boaform/admin/formLogin?username=admin&psd=admin
/boaform/admin/formLogin?username=ec8&psd=ec8
/boaform/admin/formLogin?username=user&psd=user
/board.cgi?
/book-your-escape-room
/book-your-escape-room/
/category/brewery-heist
/category/corporate-team-building
/category/date-night
/category/family-friendly-escape-room
/category/private-booking-escape-room
/category/private-booking-escape-room/
/category/uncategorized/
/cfg/
/cgi
/cgi-bin/config.exp
/cgi-bin/kerbynet?
/cgi-bin/;
/cisco/
/clientaccesspolicy.xml
/client_area/
/cluster
/cms/wp-includes/wlwmanifest.xml
/common/info.cgi
/config.json
/config.txt/
/config/getuser?index=0
/conf.cfg/
/conf/
/console/
/console/login/LoginForm.jsp
/contact
/core/.env
/currentsetting.htm
/c/
/c/version.js
/dana-na/nc/nc_gina_ver.txt
/db/phpmyadmin/index.php?lang=en
/default.jsp
/digium/
/dniapi/userInfos
/dns-query?
/ecp/Current/exporttool/microsoft.exchange.ediscovery.exporttool.application
/escape-rooms
/etc/asterisk/
/etc/asterisk/sip.conf/
/extensions.conf/
/favicon.ico
/feed/
/fgdfkgjhsf.php
/firmware/
/ftptest.cgi
/ftptest.cgi?loginuse=&loginpas=
/gallery
/gallery/
/gateway/
/getpage.gch?pid=1001&logout=1
/goautodial/
/grandstream/
/gs/
/hudson
/idx_config/
/imgs/ms_check_license
/incl/image_test.shtml
/index
/index.action
/index.do
/index.jsp
/index.php
/indexAction.action
/index.php?s=index/think\app/invokefunction&function=call_user_func_array&vars[0]=assert&vars[1][]=phpinfo()
/index.php?s=index/\think\Container/invokefunction&function=call_user_func_array&vars[0]=phpinfo&vars[1][]=1
/index.php?s=index/\think\Request/input&filter=phpinfo&data=1
/index.php?s=index/\think\app/invokefunction&function=call_user_func_array&vars[0]=phpinfo&vars[1][]=1
/index.php?s=/Index/\think\app/invokefunction&function=call_user_func_array&vars[0]=md5&vars[1][]=HelloThinkPHP21
/index.php?s=/index/\think\app/invokefunction&function=call_user_func_array&vars[0]=phpinfo&vars[1][]=1
/info.php
/install.php
/invoker/EJBInvokerServlet
/invoker/JMXInvokerServlet
/invoker/readonly
/ipp
/jars
/jenkins/login
/jmx-console/HtmlAdaptor?action=inspectMBean&name=jboss.system:type=ServerInfo
/jmx-console/HtmlAdaptor?action=inspectMBean&name=jboss.system:type=ServerInfo/github.com
/language/Swedish
/laravel/.env
/linksys/
/login
/login.action
/login.do
/login.gch
/login.html
/login.jsp
/login.gch/
/login/indexAction.action
/login/login.jsp
/login?from=%2F
/logo.swf
/main.jsp
/manager/html
/manager/text/list
/manager_dev_ping_t.gch
/master-status
/media/wp-includes/wlwmanifest.xml
/mifs/.;/services/LogService
/mitel/
/myadmin/index.php?lang=en
/myadmin/scripts/setup.php
/mysqladmin/index.php?lang=en
/mysql/pMA/index.php?lang=en
/news/wp-includes/wlwmanifest.xml
/nifi/
/o1o/a8.php
/owa/
/owa/auth/logon.aspx?
/p4rG
/panasonic/
/phone1.cfg/
/phone.cfg/
/phone/
/phpMyAdmin/scripts/setup.php
/phpmya~1/index.php
/phpmya~1/phpmyadmin/index.php
/phpmyadmin2016/index.php?lang=en
/phpmyadmin/
/phpmyadmin/index.php
/phpmyadmin/scripts/setup.php
/phpmy/index.php?lang=en
/phppma/index.php?lang=en
/picdesc.xml
/picsdesc.xml
/pma
/pma/scripts/setup.php
/pmd/index.php
/polycom/
/portal/redlion
/preseed.cfg
/provisioning/
/provision/
/prov/
/public/.env
/public/index.php?s=index/think\app/invokefunction&function=call_user_func_array&vars[0]=assert&vars[1][]=phpinfo()
/public/index.php?s=index/think\app/invokefunction&function=call_user_func_array&vars[0]=phpinfo&vars[1][]=1
/public/?s=index/\think\Container/invokefunction&function=call_user_func_array&vars[0]=phpinfo&vars[1][]=1
/public/?s=index/\think\Request/input&filter=phpinfo&data=1
/public/?s=index/\think\app/invokefunction&function=call_user_func_array&vars[0]=phpinfo&vars[1][]=1
/public/?s=/index/\think\app/invokefunction&function=call_user_func_array&vars[0]=phpinfo&vars[1][]=1
/r8kH
/rEbD
/register.jsp
/remote/fgt_lang?lang=/../../../..//////////dev/cmdb/sslvpn_websession
/restapps/applications.php?
/robots.txt
/run
/sangoma/
/script
/sdk
/secure/ContactAdministrators!default.jspa
/sellers.json
/server-info
/server-status
/service/extdirect
/setup.xml
/setup.cgi?
/setup/eureka_info
/set_ftp.cgi?
/shell?
/shop/wp-includes/wlwmanifest.xml
/signup
/sipconf/
/sipura/
/sip.cfg/
/sip.conf/
/sip.txt/
/sip/
/sip/sitemap/
/sitemap.xml
/sitemap.sip/
/sitemap/asterisk/
/sitemap_index.xml
/site/wp-includes/wlwmanifest.xml
/sito/wp-includes/wlwmanifest.xml
/snom/
/soap.cgi?service=WANIPConn1
/solr/
/solr/admin/info/system?wt=json
/sounds/notification.wav
/spa/
/special-events
/special-events/
/spectralink/
/sql/phpMyAdmin2/index.php?lang=en
/sql/phpmy-admin/index.php?lang=en
/sql/sql-admin/index.php?lang=en
/stalker_portal/c/
/stalker_portal/c/version.js
/status
/storage/.env
/streaming/clients_live.php
/stream/live.php
/system_api.php
/t3
/t4
/t4mH
/telescope/requests
/test/wp-includes/wlwmanifest.xml
/tftpboot/
/tftpphone/
/tftproot/
/tftp/
/tiger/
/tools.cgi
/tree?
/txt/
/users?page=&size=5
/v1.16/version
/v1/agent/self
/v2/_catalog
/vendor/.env
/vendor/phpunit/phpunit/src/Util/PHP/eval-stdin.php
/version
/vicidial/admin.php?ADD=140000000000
/view/all/newJob
/voip/
/voip/sip/
/vtech/
/w00tw00t.at.ISC.SANS.DFind:)
/w00tw00t.at.blackhats.romanian.anti-sec:)
/wanipcn.xml
/webfig/
/website/wp-includes/wlwmanifest.xml
/web-console/Invoker
/web/wp-includes/wlwmanifest.xml
/wkn/
/wls-wsat/CoordinatorPortType11
/wordpress/wp-includes/wlwmanifest.xml
/wp1/wp-includes/wlwmanifest.xml
/wp2/wp-includes/wlwmanifest.xml
/wp-admin/admin-ajax.php?action=revslider_show_image&img=../wp-config.php
/wp-content/
/wp-content/plugins/wp-file-manager/readme.txt
/wp-includes/wlwmanifest.xml
/wp/wp-includes/wlwmanifest.xml
/wsman
/ws/v1/cluster
/ws/v1/cluster/apps/new-application
/xmlrpc.php?rsd
/yealink/
/yeastar/
/yester/login.jsp
/+CSCOE+/logon.html
/.git/HEAD
/.git/config
/.well-known/security.txt
//a2billing/customer/templates/default/footer.tpl
/?XDEBUG_SESSION_START=phpstorm
/?a=fetch&content=<php>die(@md5(HelloThinkCMF))</php>
/?s={search_term_string}
/_aliases
/_all/_search
/_async/AsyncResponseService
/_cat/indices/
/_cat/indices?format=json&h=index
/_cat/indices?format=json&pretty=true
/_cluster/health?level=indices
/_ignition/execute-solution
/_nodes
/_phpMyAdmin/index.php?lang=en
/_search
/_search?pretty
/_search?source
/_stats/indices
/_status
