?(){:;};``',./"<>?|-[]~@$^*%ff\x00\x00\x00\x00\x00\x0a\xff=
Basic MHg1Y2UwYzg1NzI1ZmE4ODM2ZTNmN2I0NWVlMDU0YzRlYzQ1ZTA4M2VkOng=
Basic MHg2YzhiMzc2OWYzMDQyODViMDdmNTVlYWZhYzk4YWQ1ZDljOTk2NTMzOng=
Basic MHg3M2Y3MjQ1MjE0YzE4MDQ2OTRhNTkwMjI2NGUxMTZkYjAyYzczMzEzOng=
Basic MHg3NTZjMTJmNTc2MjUwY2FhOTJjMmI2MzczNTRjNzBkOTFkZDJlODIwOng=
Basic MHgzNmY5Y2ViY2U2Y2E4M2Y5YThjNjFkOWMwOTdjODc5OTk5OWJlZTUzOng=
Basic MHhjNTM1Y2JmNmYxMDkyZWViNDJmYjYzOTcwYzBjNjg0MmViMWU5ZDdjOng=
Basic MHhkM2MxNDNkODMzZDFhMDY2ZWUwMGFkMzFiNmFmYTAwNTRhODM4MmZiOng=
Basic MHhmNTc3NTliZTFmOWY2NTk1ZWQ1MzFjNWU5OTRhODBhYTNkMGU5MjQ3Ong=
Basic MHhmODQxYjJkMzA5ZGI0OTM2OTE0ZjIxYjYyYmQxNTkwYTk0ZmMxNjI1Ong=
Basic MTdMc3RCVkhSeldkb2JHcFRQMWdaMWsyM3UxZ2ZON3pUcjp4
Basic MUhOTEs2R0ZHQmVDcW5DclVZOTdyZ21WYm1pUXhSWDZrWjp4
Basic MUoyY1JFTEdGM3NqYnUxaE1EYjFlOGRYcTJ5cWVTSk13Ong=
Basic MUpUc015bjR5aXpiRVdDRHFldWVkU2h2QzlDUmpqNEJ5Uzp4
Basic MUtSSmZTUWoxTVRuYkdhUGlUbnVMRTVKNEZrRGNRVVJlNTp4
Basic MjQ2NTkzMzU4M0BxcS5jb206Zm91amJzcmN1ZG9lZWNoY
Basic OGhZVFNVRms6OGhZVFNVRms=
Basic Og==
Basic YWRtaW46
Basic YWRtaW46MTIzNDU=
Basic YWRtaW46ODg4ODg4
Basic YWRtaW46QVNhc1M=
Basic YWRtaW46YWRtaW4=
Basic YWRtaW46cGFzcw==
Basic YWRtaW46ezEyMjEzQkQxLTY5QzctNDg2Mi04NDNELTI2MDUwMEQxREE0MH0=
Basic YWZpaXNrYzpha2tja3g
Basic ZWxhc3RpYzpwYXNzd29yZA==
Basic cm9vdDphZG1pbg==
Basic cm9vdDppY2F0Y2g5OQ==
Basic cm9vdDpyb290
Basic dG9tY2F0OnMzY3JldA==
Basic dG9tY2F0OnRvbWNhdA==
Basic dXNlcjp1c2Vy
Basic ls=
Bearer
Bearer 63|d86zlHPdHYNwJ6K14mTuf5QzGn4utqeJgtBedHSW
NTLM TlRMTVNTUAABAAAAB4IIoAAAAAAAAAAAAAAAAAAAAAA=
NTLM TlRMTVNTUAABAAAAB4IIogAAAAAAAAAAAAAAAAAAAAAGAbEdAAAADw==
\x00\x00\x00\x00\x00\x00\x00\x00\x00\x00\x00\x00\x00\x00\x00\x00\x00\x00\x00\x00\x00\x00\x00\x00