?(){:;};``',./"<>?|-[]~@$^*%ff\x00\x00\x00\x00\x00\x0a\xff=
Authorization=Basic YWrtaW46YWRtaW4=
Authorization=Basic dGVsZWNvbWFkbWluOmxvbGVyMjAxOQ==
Authorization=Basic%20YWRtaW46MjEyMzJmMjk3YTU3YTVhNzQzODk0YTBlNGE4MDFmYzM=
Authorization=Basic%20dXNlcjplZTExY2JiMTkwNTJlNDBiMDdhYWMwY2EwNjBjMjNlZQ==
CSRF-TOKEN=rnqvt{{shell_exec('cat /etc/passwd')}}to5gw; simcify=uv82sg0jj2oqa0kkr2virls4dl
Email=autodiscover/autodiscover.json?a=a@edu.edu
IISSessions=79cfdd0e92b120faadd7eb253eb800d0
JSESSIONID=0000
PHPSESSID=20HyDW61oD9wwmZAMXh4iVVeoiQ
X-AnonResource=true; X-AnonResource-Backend=localhost/ecp/default.flt?~3; X-BEResource=localhost/owa/auth/logon.aspx?~3;
\x00\x00\x00\x00\x00\x00\x00\x00\x00\x00\x00\x00\x00\x00\x00\x00\x00\x00\x00\x00\x00\x00\x00\x00
_ga=GA1.2.163966002.1612866791
_ga=GA1.2.163966002.1612866791; _gid=GA1.2.1280108070.1620745746
_ga=GA1.2.163966002.1612866791; _gid=GA1.2.353732362.1622924102
_ga=GA1.2.163966002.1612866791; _gid=GA1.2.353732362.1622924102; connect.sid=s%3Aqan2w5uoqUzMo3M4xTk6DnLr_4_ht_PN.gwcqAgmuoW4iAG9CUikvG4NqCK6tB1JCFPYC0SRz3Ao
_ga=GA1.2.KNAWLVT5s2OaA36Y3vu4MDrXnUP_wj36MB7GzK8%3D
c=cookie
cookie=ok
experiment_variant_map=65-160#35-94#67-165#71-173#72-174#60-150; handl_landing_page=http%3A%2F%2Fwww.httpdaili.comhttp%3A%2F%2Fwww.httpdaili.com%2F%3F0.1182047974207906082323208; handl_ip=23.224.49.71; handl_url=http%3A%2F%2Fwww.httpdaili.comhttp%3A%2F%2Fwww.httpdaili.com%2F%3F0.1182047974207906082323208; FusionCMS_lang=ru; GUEST_LANGUAGE_ID=es_ES; sid=e4e9c8a4-6ac0-11ec-90e2-67ed38329f20; X-OPENMEDIAVAULT-SESSIONID=o1v1hajm9au1dq9mncjdrb6okg; cookie_test=please_accept_for_session; app_login_redirect_to=module%3Ddashboard%2F; glpi_8ac3914e6055f1dc4d1023c9bbf5ce82=gdvarhk25do43aio7ot5c5f44k; _lsd-core_session=T2ZGRElkbVIwejBrY213ZHJsUkRzbjRqNXdLcmtUeXpJcTRGMXJEU2I2UGQ2QlJlSWQ4UVBGTzF6SE9TSk1BMWJxc3UxdHo2blFtelBLdzY4bk5NcjduWDczZVp0dE9WKzlxTlhqb2todE5JUmZGajV3clFocVhMcU5mVW1wYWs0NkJrc2lWbGFmdXR5dzJjSmNPNzZnPT0tLVcxd0NQYTF0dlZGUXN5T084bnQ5QkE9PQ%3D%3D--9b76a5b9263b1e8565fa81013495d7affa6e845d; AIROS_24A43CF4799B=124f7c2c4607ac40d249e7dc8ebfc477; ui_language=en_US; JSESSIONID.af06efb5=node01iw7l908lxx7r1dxpjqr8s8u5p6792.node0; JSESSIONID=0F6EB1D106FDE30FFCB81B2B262B22BC; cookie-test=e14f3f6f-bbb9-4434-a7aa-b607e065f0b7; XSRF-TOKEN=eyJpdiI6IjNNTE9pY3pLUzVXVEVKSWN6dW1uT2c9PSIsInZhbHVlIjoieEdRU1VOVE1ncFRrbTExZFVrRVNmRWJTS2VTY2NSZ3pDSFhBMmtuY3FFK3VWcENTdzZMTnM0NnhUUVhlWnZJSSIsIm1hYyI6ImVkOGQ4NGMyYWViZTJhOGZiMWFiNjdlZThlM2U3MDg0OTgwN2ZkMWIyNGEyMDg0NjA5MmM4Y2JhYjlmNGM5ZTgifQ%3D%3D; firefly_session=eyJpdiI6IlJkWGtPT0NCVEtrNXd2b1czL21FQkE9PSIsInZhbHVlIjoicXBWdWFJOXpUNjBiK3pUQU9oa1NUOGtsSVVaa29TTmJrajlOZ1RJRmczbEhUWmNUVSt4UWdTR3Fib2gyM3VjdS9YczdkWWtkTC9uR2llSGdtOFR6Y2paVGpXdHFYUWE5RUxCRGhMZVE5OXlLYzhDZXR3dWZwNmp6cmo4VlRKdzYiLCJtYWMiOiIyMTYwZWI2OGExYTI5NDBiOGU2MmRjN2U2NGYzMzk5Yzc5NjQwZmI1YTk1YmFiMjJmZGE0YjIwMzM5OTk1OTJjIn0%3D; quiro_center_session=eyJpdiI6IlRTdWpHVGtvc0h5N1Q1b2FoQ2FYRlE9PSIsInZhbHVlIjoiVG5YUTRuN2tLSUVGUk9LRGhPbU9lXC9YQm9HUTdYWGFpZlNKZzBsWlV0NXdXVFBJd2pJUjB3VGNqUWN6eFwvQkJBIiwibWFjIjoiYTMyMDM4YWRhNTUwZTY5NTZjNTgwNTk2MDg3NzIwOWFlMmM2ZjA2ZDI4YzViMTNhYjFjYTFlMjRlMDEzZTk2MiJ9; JSESSIONID.56958fc0=node0tz29wmjbxw0w60jc14j8v5xt55074.node0; session_id=e8c7b85e94c8788654171974376953e9; _project-x_session=BAh7CkkiD3Nlc3Npb25faWQGOgZFVEkiJTBlMTlhZTU4ZmNhYWNlOTljZTUzNjRmMTM2NDQ0MTdmBjsAVEkiDmNhbGxiYWNrcwY7AEZbAEkiE3VzZXJfcmV0dXJuX3RvBjsARiInL2dsb2JhbF9yZXNvdXJjZV90eXBlcy8xL3Jlc291cmNlc0kiCmZsYXNoBjsAVG86JUFjdGlvbkRpc3BhdGNoOjpGbGFzaDo6Rmxhc2hIYXNoCToKQHVzZWRvOghTZXQGOgpAaGFzaHsGOgphbGVydFQ6DEBjbG9zZWRGOg1AZmxhc2hlc3sGOwpJIgAGOwBUOglAbm93MEkiEF9jc3JmX3Rva2VuBjsARkkiMXhuR1hyd1VHRzg0eVFCSzF5ek80bWsrWFNEQWRmUmZZRE1sUjQyRnB3dzQ9BjsARg%3D%3D--e911f097a6ea7ed20b3387de2b2c2b34b3133dc3; phpMyAdmin=e686f6392d2f3c49a9d461b3e2ce431c; pma_lang=en; JSESSIONID.bece121f=node0bqer1paw4zfk1vrnapctw1syj2417.node0
homeFirstShow=yes
id=86897923176771237
lang=id
lang=ls
mac=00%3A1a%3A79%3A00%3A00%3A09; stb_lang=en; timezone=Europe/Amsterdam; adid=
mac=00:1a:79:00:00:09; stb_lang=en; timezone=Europe/Amsterdam;
rememberMe=0
rememberMe=1
rememberMe=admin
rememberMe=axxxxxxxxxx123456
session=;
sesskey=
td_cookie=711915097
test=something
testCookie=true
uid=HQLFFU3LE1
uid=R8tBjwtFc8